# JRE version: OpenJDK Runtime Environment Temurin-17.0.5+8 (17.0.5+8) (build 17.0.5+8)
# Java VM: OpenJDK 64-Bit Server VM Temurin-17.0.5+8 (17.0.5+8, mixed mode, tiered, compressed oops, compressed class ptrs, g1 gc, windows-amd64)
GC Precious Log:
 CPUs: 4 total, 4 available
 Memory: 3877M
 Large Page Support: Disabled
 NUMA Support: Disabled
 Compressed Oops: Enabled (32-bit)
 Heap Region Size: 1M
 Heap Min Capacity: 8M
 Heap Initial Capacity: 62M
 Heap Max Capacity: 970M
 Pre-touch: Disabled
 Parallel Workers: 4
 Concurrent Workers: 1
 Concurrent Refinement Workers: 4
 Periodic GC: Disabled
Heap:
 garbage-first heap   total 51200K, used 36929K [0x00000000c3600000, 0x0000000100000000)
  region size 1024K, 18 young (18432K), 1 survivors (1024K)
 Metaspace       used 33176K, committed 33536K, reserved 1081344K
  class space    used 3764K, committed 3904K, reserved 1048576K
GC Heap History (12 events):
Event: 0.751 GC heap before
{Heap before GC invocations=0 (full 0):
 garbage-first heap   total 63488K, used 12288K [0x00000000c3600000, 0x0000000100000000)
  region size 1024K, 13 young (13312K), 0 survivors (0K)
 Metaspace       used 8037K, committed 8192K, reserved 1056768K
  class space    used 694K, committed 768K, reserved 1048576K
}
Event: 0.756 GC heap after
{Heap after GC invocations=1 (full 0):
 garbage-first heap   total 63488K, used 6272K [0x00000000c3600000, 0x0000000100000000)
  region size 1024K, 2 young (2048K), 2 survivors (2048K)
 Metaspace       used 8037K, committed 8192K, reserved 1056768K
  class space    used 694K, committed 768K, reserved 1048576K
}
Event: 1.375 GC heap before
{Heap before GC invocations=1 (full 0):
 garbage-first heap   total 63488K, used 17536K [0x00000000c3600000, 0x0000000100000000)
  region size 1024K, 13 young (13312K), 2 survivors (2048K)
 Metaspace       used 13964K, committed 14208K, reserved 1064960K
  class space    used 1377K, committed 1472K, reserved 1048576K
}
Event: 1.379 GC heap after
{Heap after GC invocations=2 (full 0):
 garbage-first heap   total 63488K, used 7497K [0x00000000c3600000, 0x0000000100000000)
  region size 1024K, 2 young (2048K), 2 survivors (2048K)
 Metaspace       used 13964K, committed 14208K, reserved 1064960K
  class space    used 1377K, committed 1472K, reserved 1048576K
}
Event: 2.320 GC heap before
{Heap before GC invocations=2 (full 0):
 garbage-first heap   total 63488K, used 25929K [0x00000000c3600000, 0x0000000100000000)
  region size 1024K, 20 young (20480K), 2 survivors (2048K)
 Metaspace       used 19158K, committed 19456K, reserved 1073152K
  class space    used 1974K, committed 2112K, reserved 1048576K
}
Event: 2.325 GC heap after
{Heap after GC invocations=3 (full 0):
 garbage-first heap   total 63488K, used 10307K [0x00000000c3600000, 0x0000000100000000)
  region size 1024K, 3 young (3072K), 3 survivors (3072K)
 Metaspace       used 19158K, committed 19456K, reserved 1073152K
  class space    used 1974K, committed 2112K, reserved 1048576K
}
Event: 2.725 GC heap before
{Heap before GC invocations=3 (full 0):
 garbage-first heap   total 63488K, used 25667K [0x00000000c3600000, 0x0000000100000000)
  region size 1024K, 19 young (19456K), 3 survivors (3072K)
 Metaspace       used 21234K, committed 21504K, reserved 1073152K
  class space    used 2171K, committed 2304K, reserved 1048576K
}
Event: 2.730 GC heap after
{Heap after GC invocations=4 (full 0):
 garbage-first heap   total 63488K, used 13223K [0x00000000c3600000, 0x0000000100000000)
  region size 1024K, 3 young (3072K), 3 survivors (3072K)
 Metaspace       used 21234K, committed 21504K, reserved 1073152K
  class space    used 2171K, committed 2304K, reserved 1048576K
}
Event: 3.702 GC heap before
{Heap before GC invocations=5 (full 0):
 garbage-first heap   total 51200K, used 36775K [0x00000000c3600000, 0x0000000100000000)
  region size 1024K, 27 young (27648K), 3 survivors (3072K)
 Metaspace       used 29093K, committed 29376K, reserved 1081344K
  class space    used 3185K, committed 3328K, reserved 1048576K
}
Event: 3.708 GC heap after
{Heap after GC invocations=6 (full 0):
 garbage-first heap   total 51200K, used 15224K [0x00000000c3600000, 0x0000000100000000)
  region size 1024K, 2 young (2048K), 2 survivors (2048K)
 Metaspace       used 29093K, committed 29376K, reserved 1081344K
  class space    used 3185K, committed 3328K, reserved 1048576K
}
Event: 3.739 GC heap before
{Heap before GC invocations=6 (full 0):
 garbage-first heap   total 51200K, used 16248K [0x00000000c3600000, 0x0000000100000000)
  region size 1024K, 3 young (3072K), 2 survivors (2048K)
 Metaspace       used 29369K, committed 29760K, reserved 1081344K
  class space    used 3219K, committed 3392K, reserved 1048576K
}
Event: 3.741 GC heap after
{Heap after GC invocations=7 (full 0):
 garbage-first heap   total 51200K, used 15425K [0x00000000c3600000, 0x0000000100000000)
  region size 1024K, 1 young (1024K), 1 survivors (1024K)
 Metaspace       used 29369K, committed 29760K, reserved 1081344K
  class space    used 3219K, committed 3392K, reserved 1048576K
}

